[ 2016-07-12T11:32:11+08:00 ] ::1 /index.php?g=user&m=index&a=is_login
INFO: [ app_begin ] --START--
INFO: Run Behavior\ReadHtmlCacheBehavior [ RunTime:0.001654s ]
INFO: Run Behavior\CheckLangBehavior [ RunTime:0.002330s ]
INFO: [ app_begin ] --END-- [ RunTime:0.005097s ]
NOTIC: [8] Undefined index: url D:\xampp\htdocs\application\Common\Controller\AppframeController.class.php 第 24 行.

[ 2016-07-12T11:32:21+08:00 ] ::1 /index.php?g=user&m=index&a=is_login
INFO: [ app_begin ] --START--
INFO: Run Behavior\ReadHtmlCacheBehavior [ RunTime:0.000822s ]
INFO: Run Behavior\CheckLangBehavior [ RunTime:0.001410s ]
INFO: [ app_begin ] --END-- [ RunTime:0.002961s ]
NOTIC: [8] Undefined index: url D:\xampp\htdocs\application\Common\Controller\AppframeController.class.php 第 24 行.

[ 2016-07-12T11:32:23+08:00 ] ::1 /index.php?g=user&m=index&a=is_login
INFO: [ app_begin ] --START--
INFO: Run Behavior\ReadHtmlCacheBehavior [ RunTime:0.000653s ]
INFO: Run Behavior\CheckLangBehavior [ RunTime:0.000834s ]
INFO: [ app_begin ] --END-- [ RunTime:0.002181s ]
NOTIC: [8] Undefined index: url D:\xampp\htdocs\application\Common\Controller\AppframeController.class.php 第 24 行.

[ 2016-07-12T11:32:27+08:00 ] ::1 /index.php?g=user&m=index&a=is_login
INFO: [ app_begin ] --START--
INFO: Run Behavior\ReadHtmlCacheBehavior [ RunTime:0.000852s ]
INFO: Run Behavior\CheckLangBehavior [ RunTime:0.000861s ]
INFO: [ app_begin ] --END-- [ RunTime:0.002462s ]
NOTIC: [8] Undefined index: url D:\xampp\htdocs\application\Common\Controller\AppframeController.class.php 第 24 行.

[ 2016-07-12T11:32:29+08:00 ] ::1 /index.php?g=user&m=index&a=is_login
INFO: [ app_begin ] --START--
INFO: Run Behavior\ReadHtmlCacheBehavior [ RunTime:0.000968s ]
INFO: Run Behavior\CheckLangBehavior [ RunTime:0.001030s ]
INFO: [ app_begin ] --END-- [ RunTime:0.002707s ]
NOTIC: [8] Undefined index: url D:\xampp\htdocs\application\Common\Controller\AppframeController.class.php 第 24 行.

[ 2016-07-12T11:32:32+08:00 ] ::1 /index.php?g=user&m=index&a=is_login
INFO: [ app_begin ] --START--
INFO: Run Behavior\ReadHtmlCacheBehavior [ RunTime:0.000624s ]
INFO: Run Behavior\CheckLangBehavior [ RunTime:0.000823s ]
INFO: [ app_begin ] --END-- [ RunTime:0.001934s ]
NOTIC: [8] Undefined index: url D:\xampp\htdocs\application\Common\Controller\AppframeController.class.php 第 24 行.

[ 2016-07-12T11:32:35+08:00 ] ::1 /index.php?g=user&m=index&a=is_login
INFO: [ app_begin ] --START--
INFO: Run Behavior\ReadHtmlCacheBehavior [ RunTime:0.000615s ]
INFO: Run Behavior\CheckLangBehavior [ RunTime:0.000817s ]
INFO: [ app_begin ] --END-- [ RunTime:0.001911s ]
NOTIC: [8] Undefined index: url D:\xampp\htdocs\application\Common\Controller\AppframeController.class.php 第 24 行.

[ 2016-07-12T11:32:39+08:00 ] ::1 /index.php?g=user&m=favorite&a=do_favorite&id=6
INFO: [ app_begin ] --START--
INFO: Run Behavior\ReadHtmlCacheBehavior [ RunTime:0.000605s ]
INFO: Run Behavior\CheckLangBehavior [ RunTime:0.000806s ]
INFO: [ app_begin ] --END-- [ RunTime:0.001894s ]

[ 2016-07-12T11:32:41+08:00 ] ::1 /index.php?g=user&m=favorite&a=do_favorite&id=6
INFO: [ app_begin ] --START--
INFO: Run Behavior\ReadHtmlCacheBehavior [ RunTime:0.000640s ]
INFO: Run Behavior\CheckLangBehavior [ RunTime:0.000843s ]
INFO: [ app_begin ] --END-- [ RunTime:0.002007s ]

[ 2016-07-12T15:10:43+08:00 ] ::1 /index.php?g=user&m=index&a=is_login
INFO: [ app_begin ] --START--
INFO: Run Behavior\ReadHtmlCacheBehavior [ RunTime:0.000968s ]
INFO: Run Behavior\CheckLangBehavior [ RunTime:0.001559s ]
INFO: [ app_begin ] --END-- [ RunTime:0.003452s ]
NOTIC: [8] Undefined index: url D:\xampp\htdocs\application\Common\Controller\AppframeController.class.php 第 24 行.

[ 2016-07-12T15:26:01+08:00 ] ::1 /index.php?g=user&m=index&a=is_login
INFO: [ app_begin ] --START--
INFO: Run Behavior\ReadHtmlCacheBehavior [ RunTime:0.001662s ]
INFO: Run Behavior\CheckLangBehavior [ RunTime:0.002531s ]
INFO: [ app_begin ] --END-- [ RunTime:0.005039s ]
NOTIC: [8] Undefined index: url D:\xampp\htdocs\application\Common\Controller\AppframeController.class.php 第 24 行.

[ 2016-07-12T15:35:08+08:00 ] ::1 /index.php?g=user&m=index&a=is_login
INFO: [ app_begin ] --START--
INFO: Run Behavior\ReadHtmlCacheBehavior [ RunTime:0.001624s ]
INFO: Run Behavior\CheckLangBehavior [ RunTime:0.002220s ]
INFO: [ app_begin ] --END-- [ RunTime:0.004888s ]
NOTIC: [8] Undefined index: url D:\xampp\htdocs\application\Common\Controller\AppframeController.class.php 第 24 行.

[ 2016-07-12T15:36:53+08:00 ] ::1 /index.php?g=user&m=index&a=is_login
INFO: [ app_begin ] --START--
INFO: Run Behavior\ReadHtmlCacheBehavior [ RunTime:0.000911s ]
INFO: Run Behavior\CheckLangBehavior [ RunTime:0.001410s ]
INFO: [ app_begin ] --END-- [ RunTime:0.002990s ]
NOTIC: [8] Undefined index: url D:\xampp\htdocs\application\Common\Controller\AppframeController.class.php 第 24 行.

[ 2016-07-12T15:36:59+08:00 ] ::1 /index.php?g=user&m=index&a=is_login
INFO: [ app_begin ] --START--
INFO: Run Behavior\ReadHtmlCacheBehavior [ RunTime:0.000961s ]
INFO: Run Behavior\CheckLangBehavior [ RunTime:0.001175s ]
INFO: [ app_begin ] --END-- [ RunTime:0.002774s ]
NOTIC: [8] Undefined index: url D:\xampp\htdocs\application\Common\Controller\AppframeController.class.php 第 24 行.

[ 2016-07-12T16:05:11+08:00 ] ::1 /index.php?g=user&m=index&a=is_login
INFO: [ app_begin ] --START--
INFO: Run Behavior\ReadHtmlCacheBehavior [ RunTime:0.000999s ]
INFO: Run Behavior\CheckLangBehavior [ RunTime:0.001563s ]
INFO: [ app_begin ] --END-- [ RunTime:0.003462s ]
NOTIC: [8] Undefined index: url D:\xampp\htdocs\application\Common\Controller\AppframeController.class.php 第 24 行.

[ 2016-07-12T16:47:22+08:00 ] ::1 /index.php?g=user&m=index&a=is_login
INFO: [ app_begin ] --START--
INFO: Run Behavior\ReadHtmlCacheBehavior [ RunTime:0.000705s ]
INFO: Run Behavior\CheckLangBehavior [ RunTime:0.001373s ]
INFO: [ app_begin ] --END-- [ RunTime:0.003928s ]
NOTIC: [8] Undefined index: url D:\xampp\htdocs\application\Common\Controller\AppframeController.class.php 第 24 行.

[ 2016-07-12T16:47:31+08:00 ] ::1 /index.php?g=user&m=index&a=is_login
INFO: [ app_begin ] --START--
INFO: Run Behavior\ReadHtmlCacheBehavior [ RunTime:0.000715s ]
INFO: Run Behavior\CheckLangBehavior [ RunTime:0.000867s ]
INFO: [ app_begin ] --END-- [ RunTime:0.002273s ]
NOTIC: [8] Undefined index: url D:\xampp\htdocs\application\Common\Controller\AppframeController.class.php 第 24 行.

[ 2016-07-12T16:47:33+08:00 ] ::1 /index.php?g=user&m=index&a=is_login
INFO: [ app_begin ] --START--
INFO: Run Behavior\ReadHtmlCacheBehavior [ RunTime:0.000629s ]
INFO: Run Behavior\CheckLangBehavior [ RunTime:0.000889s ]
INFO: [ app_begin ] --END-- [ RunTime:0.002094s ]
NOTIC: [8] Undefined index: url D:\xampp\htdocs\application\Common\Controller\AppframeController.class.php 第 24 行.

[ 2016-07-12T16:47:39+08:00 ] ::1 /index.php?g=user&m=index&a=is_login
INFO: [ app_begin ] --START--
INFO: Run Behavior\ReadHtmlCacheBehavior [ RunTime:0.000713s ]
INFO: Run Behavior\CheckLangBehavior [ RunTime:0.000875s ]
INFO: [ app_begin ] --END-- [ RunTime:0.002180s ]
NOTIC: [8] Undefined index: url D:\xampp\htdocs\application\Common\Controller\AppframeController.class.php 第 24 行.

[ 2016-07-12T16:48:15+08:00 ] ::1 /index.php?g=user&m=index&a=is_login
INFO: [ app_begin ] --START--
INFO: Run Behavior\ReadHtmlCacheBehavior [ RunTime:0.000619s ]
INFO: Run Behavior\CheckLangBehavior [ RunTime:0.000834s ]
INFO: [ app_begin ] --END-- [ RunTime:0.001994s ]
NOTIC: [8] Undefined index: url D:\xampp\htdocs\application\Common\Controller\AppframeController.class.php 第 24 行.

[ 2016-07-12T16:48:19+08:00 ] ::1 /index.php?g=user&m=index&a=is_login
INFO: [ app_begin ] --START--
INFO: Run Behavior\ReadHtmlCacheBehavior [ RunTime:0.000665s ]
INFO: Run Behavior\CheckLangBehavior [ RunTime:0.000853s ]
INFO: [ app_begin ] --END-- [ RunTime:0.002132s ]
NOTIC: [8] Undefined index: url D:\xampp\htdocs\application\Common\Controller\AppframeController.class.php 第 24 行.

[ 2016-07-12T16:48:22+08:00 ] ::1 /index.php?g=user&m=index&a=is_login
INFO: [ app_begin ] --START--
INFO: Run Behavior\ReadHtmlCacheBehavior [ RunTime:0.000633s ]
INFO: Run Behavior\CheckLangBehavior [ RunTime:0.001154s ]
INFO: [ app_begin ] --END-- [ RunTime:0.002341s ]
NOTIC: [8] Undefined index: url D:\xampp\htdocs\application\Common\Controller\AppframeController.class.php 第 24 行.

[ 2016-07-12T16:48:26+08:00 ] ::1 /index.php?g=user&m=index&a=is_login
INFO: [ app_begin ] --START--
INFO: Run Behavior\ReadHtmlCacheBehavior [ RunTime:0.000804s ]
INFO: Run Behavior\CheckLangBehavior [ RunTime:0.002423s ]
INFO: [ app_begin ] --END-- [ RunTime:0.004437s ]
NOTIC: [8] Undefined index: url D:\xampp\htdocs\application\Common\Controller\AppframeController.class.php 第 24 行.

[ 2016-07-12T16:48:34+08:00 ] ::1 /index.php?g=user&m=index&a=is_login
INFO: [ app_begin ] --START--
INFO: Run Behavior\ReadHtmlCacheBehavior [ RunTime:0.000654s ]
INFO: Run Behavior\CheckLangBehavior [ RunTime:0.000841s ]
INFO: [ app_begin ] --END-- [ RunTime:0.002580s ]
NOTIC: [8] Undefined index: url D:\xampp\htdocs\application\Common\Controller\AppframeController.class.php 第 24 行.

[ 2016-07-12T16:48:36+08:00 ] ::1 /index.php?g=user&m=index&a=is_login
INFO: [ app_begin ] --START--
INFO: Run Behavior\ReadHtmlCacheBehavior [ RunTime:0.001053s ]
INFO: Run Behavior\CheckLangBehavior [ RunTime:0.001403s ]
INFO: [ app_begin ] --END-- [ RunTime:0.003434s ]
NOTIC: [8] Undefined index: url D:\xampp\htdocs\application\Common\Controller\AppframeController.class.php 第 24 行.

[ 2016-07-12T16:48:40+08:00 ] ::1 /index.php?g=user&m=index&a=is_login
INFO: [ app_begin ] --START--
INFO: Run Behavior\ReadHtmlCacheBehavior [ RunTime:0.000853s ]
INFO: Run Behavior\CheckLangBehavior [ RunTime:0.001129s ]
INFO: [ app_begin ] --END-- [ RunTime:0.002983s ]
NOTIC: [8] Undefined index: url D:\xampp\htdocs\application\Common\Controller\AppframeController.class.php 第 24 行.

[ 2016-07-12T16:48:43+08:00 ] ::1 /index.php?g=user&m=index&a=is_login
INFO: [ app_begin ] --START--
INFO: Run Behavior\ReadHtmlCacheBehavior [ RunTime:0.000907s ]
INFO: Run Behavior\CheckLangBehavior [ RunTime:0.001257s ]
INFO: [ app_begin ] --END-- [ RunTime:0.002902s ]
NOTIC: [8] Undefined index: url D:\xampp\htdocs\application\Common\Controller\AppframeController.class.php 第 24 行.

[ 2016-07-12T16:48:51+08:00 ] ::1 /index.php?g=user&m=index&a=is_login
INFO: [ app_begin ] --START--
INFO: Run Behavior\ReadHtmlCacheBehavior [ RunTime:0.000969s ]
INFO: Run Behavior\CheckLangBehavior [ RunTime:0.001104s ]
INFO: [ app_begin ] --END-- [ RunTime:0.003874s ]
NOTIC: [8] Undefined index: url D:\xampp\htdocs\application\Common\Controller\AppframeController.class.php 第 24 行.

[ 2016-07-12T16:48:55+08:00 ] ::1 /index.php?g=user&m=index&a=is_login
INFO: [ app_begin ] --START--
INFO: Run Behavior\ReadHtmlCacheBehavior [ RunTime:0.000680s ]
INFO: Run Behavior\CheckLangBehavior [ RunTime:0.001179s ]
INFO: [ app_begin ] --END-- [ RunTime:0.002545s ]
NOTIC: [8] Undefined index: url D:\xampp\htdocs\application\Common\Controller\AppframeController.class.php 第 24 行.

[ 2016-07-12T16:49:04+08:00 ] ::1 /index.php?g=user&m=index&a=is_login
INFO: [ app_begin ] --START--
INFO: Run Behavior\ReadHtmlCacheBehavior [ RunTime:0.001148s ]
INFO: Run Behavior\CheckLangBehavior [ RunTime:0.002373s ]
INFO: [ app_begin ] --END-- [ RunTime:0.004887s ]
NOTIC: [8] Undefined index: url D:\xampp\htdocs\application\Common\Controller\AppframeController.class.php 第 24 行.

[ 2016-07-12T16:49:14+08:00 ] ::1 /index.php?g=user&m=index&a=is_login
INFO: [ app_begin ] --START--
INFO: Run Behavior\ReadHtmlCacheBehavior [ RunTime:0.001162s ]
INFO: Run Behavior\CheckLangBehavior [ RunTime:0.001485s ]
INFO: [ app_begin ] --END-- [ RunTime:0.003763s ]
NOTIC: [8] Undefined index: url D:\xampp\htdocs\application\Common\Controller\AppframeController.class.php 第 24 行.

[ 2016-07-12T16:52:30+08:00 ] ::1 /index.php?g=user&m=index&a=is_login
INFO: [ app_begin ] --START--
INFO: Run Behavior\ReadHtmlCacheBehavior [ RunTime:0.001135s ]
INFO: Run Behavior\CheckLangBehavior [ RunTime:0.001466s ]
INFO: [ app_begin ] --END-- [ RunTime:0.003991s ]
NOTIC: [8] Undefined index: url D:\xampp\htdocs\application\Common\Controller\AppframeController.class.php 第 24 行.

[ 2016-07-12T16:52:33+08:00 ] ::1 /index.php?g=user&m=index&a=is_login
INFO: [ app_begin ] --START--
INFO: Run Behavior\ReadHtmlCacheBehavior [ RunTime:0.000669s ]
INFO: Run Behavior\CheckLangBehavior [ RunTime:0.000982s ]
INFO: [ app_begin ] --END-- [ RunTime:0.002295s ]
NOTIC: [8] Undefined index: url D:\xampp\htdocs\application\Common\Controller\AppframeController.class.php 第 24 行.

[ 2016-07-12T16:52:48+08:00 ] ::1 /index.php?g=user&m=index&a=is_login
INFO: [ app_begin ] --START--
INFO: Run Behavior\ReadHtmlCacheBehavior [ RunTime:0.001490s ]
INFO: Run Behavior\CheckLangBehavior [ RunTime:0.002245s ]
INFO: [ app_begin ] --END-- [ RunTime:0.005685s ]
NOTIC: [8] Undefined index: url D:\xampp\htdocs\application\Common\Controller\AppframeController.class.php 第 24 行.

[ 2016-07-12T16:52:52+08:00 ] ::1 /index.php?g=user&m=index&a=is_login
INFO: [ app_begin ] --START--
INFO: Run Behavior\ReadHtmlCacheBehavior [ RunTime:0.000775s ]
INFO: Run Behavior\CheckLangBehavior [ RunTime:0.001084s ]
INFO: [ app_begin ] --END-- [ RunTime:0.002607s ]
NOTIC: [8] Undefined index: url D:\xampp\htdocs\application\Common\Controller\AppframeController.class.php 第 24 行.

[ 2016-07-12T16:52:54+08:00 ] ::1 /index.php?g=user&m=index&a=is_login
INFO: [ app_begin ] --START--
INFO: Run Behavior\ReadHtmlCacheBehavior [ RunTime:0.000999s ]
INFO: Run Behavior\CheckLangBehavior [ RunTime:0.001424s ]
INFO: [ app_begin ] --END-- [ RunTime:0.003164s ]
NOTIC: [8] Undefined index: url D:\xampp\htdocs\application\Common\Controller\AppframeController.class.php 第 24 行.

[ 2016-07-12T16:52:56+08:00 ] ::1 /index.php?g=user&m=index&a=is_login
INFO: [ app_begin ] --START--
INFO: Run Behavior\ReadHtmlCacheBehavior [ RunTime:0.000632s ]
INFO: Run Behavior\CheckLangBehavior [ RunTime:0.000824s ]
INFO: [ app_begin ] --END-- [ RunTime:0.001993s ]
NOTIC: [8] Undefined index: url D:\xampp\htdocs\application\Common\Controller\AppframeController.class.php 第 24 行.

[ 2016-07-12T16:52:57+08:00 ] ::1 /index.php?g=user&m=index&a=is_login
INFO: [ app_begin ] --START--
INFO: Run Behavior\ReadHtmlCacheBehavior [ RunTime:0.001085s ]
INFO: Run Behavior\CheckLangBehavior [ RunTime:0.001606s ]
INFO: [ app_begin ] --END-- [ RunTime:0.003671s ]
NOTIC: [8] Undefined index: url D:\xampp\htdocs\application\Common\Controller\AppframeController.class.php 第 24 行.

[ 2016-07-12T16:53:00+08:00 ] ::1 /index.php?g=user&m=index&a=is_login
INFO: [ app_begin ] --START--
INFO: Run Behavior\ReadHtmlCacheBehavior [ RunTime:0.000821s ]
INFO: Run Behavior\CheckLangBehavior [ RunTime:0.001016s ]
INFO: [ app_begin ] --END-- [ RunTime:0.002729s ]
NOTIC: [8] Undefined index: url D:\xampp\htdocs\application\Common\Controller\AppframeController.class.php 第 24 行.

[ 2016-07-12T16:53:08+08:00 ] ::1 /index.php?g=user&m=index&a=is_login
INFO: [ app_begin ] --START--
INFO: Run Behavior\ReadHtmlCacheBehavior [ RunTime:0.000623s ]
INFO: Run Behavior\CheckLangBehavior [ RunTime:0.000906s ]
INFO: [ app_begin ] --END-- [ RunTime:0.002071s ]
NOTIC: [8] Undefined index: url D:\xampp\htdocs\application\Common\Controller\AppframeController.class.php 第 24 行.

[ 2016-07-12T16:53:10+08:00 ] ::1 /index.php?g=user&m=index&a=is_login
INFO: [ app_begin ] --START--
INFO: Run Behavior\ReadHtmlCacheBehavior [ RunTime:0.000690s ]
INFO: Run Behavior\CheckLangBehavior [ RunTime:0.000931s ]
INFO: [ app_begin ] --END-- [ RunTime:0.002249s ]
NOTIC: [8] Undefined index: url D:\xampp\htdocs\application\Common\Controller\AppframeController.class.php 第 24 行.

[ 2016-07-12T16:53:11+08:00 ] ::1 /index.php?g=user&m=index&a=is_login
INFO: [ app_begin ] --START--
INFO: Run Behavior\ReadHtmlCacheBehavior [ RunTime:0.001558s ]
INFO: Run Behavior\CheckLangBehavior [ RunTime:0.001791s ]
INFO: [ app_begin ] --END-- [ RunTime:0.004853s ]
NOTIC: [8] Undefined index: url D:\xampp\htdocs\application\Common\Controller\AppframeController.class.php 第 24 行.

[ 2016-07-12T16:53:30+08:00 ] ::1 /index.php?g=user&m=index&a=is_login
INFO: [ app_begin ] --START--
INFO: Run Behavior\ReadHtmlCacheBehavior [ RunTime:0.002548s ]
INFO: Run Behavior\CheckLangBehavior [ RunTime:0.002229s ]
INFO: [ app_begin ] --END-- [ RunTime:0.006006s ]
NOTIC: [8] Undefined index: url D:\xampp\htdocs\application\Common\Controller\AppframeController.class.php 第 24 行.

[ 2016-07-12T16:53:33+08:00 ] ::1 /index.php?g=user&m=index&a=is_login
INFO: [ app_begin ] --START--
INFO: Run Behavior\ReadHtmlCacheBehavior [ RunTime:0.001136s ]
INFO: Run Behavior\CheckLangBehavior [ RunTime:0.001649s ]
INFO: [ app_begin ] --END-- [ RunTime:0.003791s ]
NOTIC: [8] Undefined index: url D:\xampp\htdocs\application\Common\Controller\AppframeController.class.php 第 24 行.

[ 2016-07-12T16:53:36+08:00 ] ::1 /index.php?g=user&m=index&a=is_login
INFO: [ app_begin ] --START--
INFO: Run Behavior\ReadHtmlCacheBehavior [ RunTime:0.001046s ]
INFO: Run Behavior\CheckLangBehavior [ RunTime:0.000974s ]
INFO: [ app_begin ] --END-- [ RunTime:0.005286s ]
NOTIC: [8] Undefined index: url D:\xampp\htdocs\application\Common\Controller\AppframeController.class.php 第 24 行.

[ 2016-07-12T16:54:46+08:00 ] ::1 /index.php?g=user&m=index&a=is_login
INFO: [ app_begin ] --START--
INFO: Run Behavior\ReadHtmlCacheBehavior [ RunTime:0.000642s ]
INFO: Run Behavior\CheckLangBehavior [ RunTime:0.001110s ]
INFO: [ app_begin ] --END-- [ RunTime:0.002384s ]
NOTIC: [8] Undefined index: url D:\xampp\htdocs\application\Common\Controller\AppframeController.class.php 第 24 行.

[ 2016-07-12T16:54:47+08:00 ] ::1 /index.php?g=user&m=index&a=is_login
INFO: [ app_begin ] --START--
INFO: Run Behavior\ReadHtmlCacheBehavior [ RunTime:0.000956s ]
INFO: Run Behavior\CheckLangBehavior [ RunTime:0.000916s ]
INFO: [ app_begin ] --END-- [ RunTime:0.002541s ]
NOTIC: [8] Undefined index: url D:\xampp\htdocs\application\Common\Controller\AppframeController.class.php 第 24 行.

[ 2016-07-12T16:54:48+08:00 ] ::1 /index.php?g=user&m=index&a=is_login
INFO: [ app_begin ] --START--
INFO: Run Behavior\ReadHtmlCacheBehavior [ RunTime:0.000624s ]
INFO: Run Behavior\CheckLangBehavior [ RunTime:0.001251s ]
INFO: [ app_begin ] --END-- [ RunTime:0.002444s ]
NOTIC: [8] Undefined index: url D:\xampp\htdocs\application\Common\Controller\AppframeController.class.php 第 24 行.

[ 2016-07-12T16:54:50+08:00 ] ::1 /index.php?g=user&m=index&a=is_login
INFO: [ app_begin ] --START--
INFO: Run Behavior\ReadHtmlCacheBehavior [ RunTime:0.001122s ]
INFO: Run Behavior\CheckLangBehavior [ RunTime:0.001555s ]
INFO: [ app_begin ] --END-- [ RunTime:0.003682s ]
NOTIC: [8] Undefined index: url D:\xampp\htdocs\application\Common\Controller\AppframeController.class.php 第 24 行.

[ 2016-07-12T16:54:52+08:00 ] ::1 /index.php?g=user&m=index&a=is_login
INFO: [ app_begin ] --START--
INFO: Run Behavior\ReadHtmlCacheBehavior [ RunTime:0.000912s ]
INFO: Run Behavior\CheckLangBehavior [ RunTime:0.001249s ]
INFO: [ app_begin ] --END-- [ RunTime:0.003025s ]
NOTIC: [8] Undefined index: url D:\xampp\htdocs\application\Common\Controller\AppframeController.class.php 第 24 行.

[ 2016-07-12T17:17:01+08:00 ] ::1 /index.php?g=user&m=index&a=is_login
INFO: [ app_begin ] --START--
INFO: Run Behavior\ReadHtmlCacheBehavior [ RunTime:0.001018s ]
INFO: Run Behavior\CheckLangBehavior [ RunTime:0.001890s ]
INFO: [ app_begin ] --END-- [ RunTime:0.003857s ]
NOTIC: [8] Undefined index: url D:\xampp\htdocs\application\Common\Controller\AppframeController.class.php 第 24 行.

[ 2016-07-12T17:17:02+08:00 ] ::1 /index.php?g=user&m=index&a=is_login
INFO: [ app_begin ] --START--
INFO: Run Behavior\ReadHtmlCacheBehavior [ RunTime:0.000704s ]
INFO: Run Behavior\CheckLangBehavior [ RunTime:0.001082s ]
INFO: [ app_begin ] --END-- [ RunTime:0.002442s ]
NOTIC: [8] Undefined index: url D:\xampp\htdocs\application\Common\Controller\AppframeController.class.php 第 24 行.

[ 2016-07-12T17:17:03+08:00 ] ::1 /index.php?g=user&m=index&a=is_login
INFO: [ app_begin ] --START--
INFO: Run Behavior\ReadHtmlCacheBehavior [ RunTime:0.001839s ]
INFO: Run Behavior\CheckLangBehavior [ RunTime:0.001838s ]
INFO: [ app_begin ] --END-- [ RunTime:0.004897s ]
NOTIC: [8] Undefined index: url D:\xampp\htdocs\application\Common\Controller\AppframeController.class.php 第 24 行.

[ 2016-07-12T17:17:04+08:00 ] ::1 /index.php?g=user&m=index&a=is_login
INFO: [ app_begin ] --START--
INFO: Run Behavior\ReadHtmlCacheBehavior [ RunTime:0.001046s ]
INFO: Run Behavior\CheckLangBehavior [ RunTime:0.002150s ]
INFO: [ app_begin ] --END-- [ RunTime:0.004161s ]
NOTIC: [8] Undefined index: url D:\xampp\htdocs\application\Common\Controller\AppframeController.class.php 第 24 行.

[ 2016-07-12T17:17:14+08:00 ] ::1 /index.php?g=user&m=index&a=is_login
INFO: [ app_begin ] --START--
INFO: Run Behavior\ReadHtmlCacheBehavior [ RunTime:0.001052s ]
INFO: Run Behavior\CheckLangBehavior [ RunTime:0.001747s ]
INFO: [ app_begin ] --END-- [ RunTime:0.003785s ]
NOTIC: [8] Undefined index: url D:\xampp\htdocs\application\Common\Controller\AppframeController.class.php 第 24 行.

[ 2016-07-12T17:20:28+08:00 ] ::1 /index.php?g=user&m=index&a=is_login
INFO: [ app_begin ] --START--
INFO: Run Behavior\ReadHtmlCacheBehavior [ RunTime:0.001510s ]
INFO: Run Behavior\CheckLangBehavior [ RunTime:0.002383s ]
INFO: [ app_begin ] --END-- [ RunTime:0.004745s ]
NOTIC: [8] Undefined index: url D:\xampp\htdocs\application\Common\Controller\AppframeController.class.php 第 24 行.

[ 2016-07-12T17:20:32+08:00 ] ::1 /index.php?g=user&m=index&a=is_login
INFO: [ app_begin ] --START--
INFO: Run Behavior\ReadHtmlCacheBehavior [ RunTime:0.001382s ]
INFO: Run Behavior\CheckLangBehavior [ RunTime:0.001901s ]
INFO: [ app_begin ] --END-- [ RunTime:0.004310s ]
NOTIC: [8] Undefined index: url D:\xampp\htdocs\application\Common\Controller\AppframeController.class.php 第 24 行.

[ 2016-07-12T17:59:22+08:00 ] ::1 /index.php?g=user&m=index&a=is_login
INFO: [ app_begin ] --START--
INFO: Run Behavior\ReadHtmlCacheBehavior [ RunTime:0.001306s ]
INFO: Run Behavior\CheckLangBehavior [ RunTime:0.001948s ]
INFO: [ app_begin ] --END-- [ RunTime:0.004460s ]
NOTIC: [8] Undefined index: url D:\xampp\htdocs\application\Common\Controller\AppframeController.class.php 第 24 行.

[ 2016-07-12T17:59:35+08:00 ] ::1 /index.php?g=user&m=index&a=is_login
INFO: [ app_begin ] --START--
INFO: Run Behavior\ReadHtmlCacheBehavior [ RunTime:0.000627s ]
INFO: Run Behavior\CheckLangBehavior [ RunTime:0.000825s ]
INFO: [ app_begin ] --END-- [ RunTime:0.002035s ]
NOTIC: [8] Undefined index: url D:\xampp\htdocs\application\Common\Controller\AppframeController.class.php 第 24 行.

[ 2016-07-12T17:59:36+08:00 ] ::1 /index.php?g=user&m=index&a=is_login
INFO: [ app_begin ] --START--
INFO: Run Behavior\ReadHtmlCacheBehavior [ RunTime:0.001353s ]
INFO: Run Behavior\CheckLangBehavior [ RunTime:0.001301s ]
INFO: [ app_begin ] --END-- [ RunTime:0.003516s ]
NOTIC: [8] Undefined index: url D:\xampp\htdocs\application\Common\Controller\AppframeController.class.php 第 24 行.

[ 2016-07-12T17:59:44+08:00 ] ::1 /index.php?g=user&m=index&a=is_login
INFO: [ app_begin ] --START--
INFO: Run Behavior\ReadHtmlCacheBehavior [ RunTime:0.001070s ]
INFO: Run Behavior\CheckLangBehavior [ RunTime:0.000875s ]
INFO: [ app_begin ] --END-- [ RunTime:0.002657s ]
NOTIC: [8] Undefined index: url D:\xampp\htdocs\application\Common\Controller\AppframeController.class.php 第 24 行.

[ 2016-07-12T17:59:46+08:00 ] ::1 /index.php?g=user&m=index&a=is_login
INFO: [ app_begin ] --START--
INFO: Run Behavior\ReadHtmlCacheBehavior [ RunTime:0.005687s ]
INFO: Run Behavior\CheckLangBehavior [ RunTime:0.001240s ]
INFO: [ app_begin ] --END-- [ RunTime:0.008672s ]
NOTIC: [8] Undefined index: url D:\xampp\htdocs\application\Common\Controller\AppframeController.class.php 第 24 行.

[ 2016-07-12T17:59:47+08:00 ] ::1 /index.php?g=user&m=index&a=is_login
INFO: [ app_begin ] --START--
INFO: Run Behavior\ReadHtmlCacheBehavior [ RunTime:0.001064s ]
INFO: Run Behavior\CheckLangBehavior [ RunTime:0.001068s ]
INFO: [ app_begin ] --END-- [ RunTime:0.002946s ]
NOTIC: [8] Undefined index: url D:\xampp\htdocs\application\Common\Controller\AppframeController.class.php 第 24 行.

[ 2016-07-12T17:59:57+08:00 ] ::1 /index.php?g=user&m=index&a=is_login
INFO: [ app_begin ] --START--
INFO: Run Behavior\ReadHtmlCacheBehavior [ RunTime:0.000614s ]
INFO: Run Behavior\CheckLangBehavior [ RunTime:0.000839s ]
INFO: [ app_begin ] --END-- [ RunTime:0.001983s ]
NOTIC: [8] Undefined index: url D:\xampp\htdocs\application\Common\Controller\AppframeController.class.php 第 24 行.

[ 2016-07-12T18:00:00+08:00 ] ::1 /index.php?g=user&m=index&a=is_login
INFO: [ app_begin ] --START--
INFO: Run Behavior\ReadHtmlCacheBehavior [ RunTime:0.000748s ]
INFO: Run Behavior\CheckLangBehavior [ RunTime:0.001007s ]
INFO: [ app_begin ] --END-- [ RunTime:0.002613s ]
NOTIC: [8] Undefined index: url D:\xampp\htdocs\application\Common\Controller\AppframeController.class.php 第 24 行.

[ 2016-07-12T18:00:04+08:00 ] ::1 /index.php?g=user&m=index&a=is_login
INFO: [ app_begin ] --START--
INFO: Run Behavior\ReadHtmlCacheBehavior [ RunTime:0.000665s ]
INFO: Run Behavior\CheckLangBehavior [ RunTime:0.001128s ]
INFO: [ app_begin ] --END-- [ RunTime:0.002409s ]
NOTIC: [8] Undefined index: url D:\xampp\htdocs\application\Common\Controller\AppframeController.class.php 第 24 行.

[ 2016-07-12T18:00:05+08:00 ] ::1 /index.php?g=user&m=index&a=is_login
INFO: [ app_begin ] --START--
INFO: Run Behavior\ReadHtmlCacheBehavior [ RunTime:0.000617s ]
INFO: Run Behavior\CheckLangBehavior [ RunTime:0.000879s ]
INFO: [ app_begin ] --END-- [ RunTime:0.002040s ]
NOTIC: [8] Undefined index: url D:\xampp\htdocs\application\Common\Controller\AppframeController.class.php 第 24 行.

[ 2016-07-12T18:00:06+08:00 ] ::1 /index.php?g=user&m=index&a=is_login
INFO: [ app_begin ] --START--
INFO: Run Behavior\ReadHtmlCacheBehavior [ RunTime:0.001123s ]
INFO: Run Behavior\CheckLangBehavior [ RunTime:0.001891s ]
INFO: [ app_begin ] --END-- [ RunTime:0.003826s ]
NOTIC: [8] Undefined index: url D:\xampp\htdocs\application\Common\Controller\AppframeController.class.php 第 24 行.

[ 2016-07-12T18:00:07+08:00 ] ::1 /index.php?g=user&m=index&a=is_login
INFO: [ app_begin ] --START--
INFO: Run Behavior\ReadHtmlCacheBehavior [ RunTime:0.000637s ]
INFO: Run Behavior\CheckLangBehavior [ RunTime:0.000882s ]
INFO: [ app_begin ] --END-- [ RunTime:0.002108s ]
NOTIC: [8] Undefined index: url D:\xampp\htdocs\application\Common\Controller\AppframeController.class.php 第 24 行.

[ 2016-07-12T18:00:09+08:00 ] ::1 /index.php?g=user&m=index&a=is_login
INFO: [ app_begin ] --START--
INFO: Run Behavior\ReadHtmlCacheBehavior [ RunTime:0.000969s ]
INFO: Run Behavior\CheckLangBehavior [ RunTime:0.001892s ]
INFO: [ app_begin ] --END-- [ RunTime:0.003582s ]
NOTIC: [8] Undefined index: url D:\xampp\htdocs\application\Common\Controller\AppframeController.class.php 第 24 行.

[ 2016-07-12T18:00:10+08:00 ] ::1 /index.php?g=user&m=index&a=is_login
INFO: [ app_begin ] --START--
INFO: Run Behavior\ReadHtmlCacheBehavior [ RunTime:0.000652s ]
INFO: Run Behavior\CheckLangBehavior [ RunTime:0.000871s ]
INFO: [ app_begin ] --END-- [ RunTime:0.002151s ]
NOTIC: [8] Undefined index: url D:\xampp\htdocs\application\Common\Controller\AppframeController.class.php 第 24 行.

[ 2016-07-12T18:00:11+08:00 ] ::1 /index.php?g=user&m=index&a=is_login
INFO: [ app_begin ] --START--
INFO: Run Behavior\ReadHtmlCacheBehavior [ RunTime:0.001364s ]
INFO: Run Behavior\CheckLangBehavior [ RunTime:0.001816s ]
INFO: [ app_begin ] --END-- [ RunTime:0.003983s ]
NOTIC: [8] Undefined index: url D:\xampp\htdocs\application\Common\Controller\AppframeController.class.php 第 24 行.

[ 2016-07-12T18:00:13+08:00 ] ::1 /index.php?g=user&m=index&a=is_login
INFO: [ app_begin ] --START--
INFO: Run Behavior\ReadHtmlCacheBehavior [ RunTime:0.000906s ]
INFO: Run Behavior\CheckLangBehavior [ RunTime:0.001925s ]
INFO: [ app_begin ] --END-- [ RunTime:0.003648s ]
NOTIC: [8] Undefined index: url D:\xampp\htdocs\application\Common\Controller\AppframeController.class.php 第 24 行.

[ 2016-07-12T18:00:14+08:00 ] ::1 /index.php?g=user&m=index&a=is_login
INFO: [ app_begin ] --START--
INFO: Run Behavior\ReadHtmlCacheBehavior [ RunTime:0.000613s ]
INFO: Run Behavior\CheckLangBehavior [ RunTime:0.000811s ]
INFO: [ app_begin ] --END-- [ RunTime:0.001957s ]
NOTIC: [8] Undefined index: url D:\xampp\htdocs\application\Common\Controller\AppframeController.class.php 第 24 行.

[ 2016-07-12T18:00:15+08:00 ] ::1 /index.php?g=user&m=index&a=is_login
INFO: [ app_begin ] --START--
INFO: Run Behavior\ReadHtmlCacheBehavior [ RunTime:0.000692s ]
INFO: Run Behavior\CheckLangBehavior [ RunTime:0.000916s ]
INFO: [ app_begin ] --END-- [ RunTime:0.002209s ]
NOTIC: [8] Undefined index: url D:\xampp\htdocs\application\Common\Controller\AppframeController.class.php 第 24 行.

[ 2016-07-12T18:00:15+08:00 ] ::1 /index.php?g=user&m=index&a=is_login
INFO: [ app_begin ] --START--
INFO: Run Behavior\ReadHtmlCacheBehavior [ RunTime:0.000670s ]
INFO: Run Behavior\CheckLangBehavior [ RunTime:0.001390s ]
INFO: [ app_begin ] --END-- [ RunTime:0.002754s ]
NOTIC: [8] Undefined index: url D:\xampp\htdocs\application\Common\Controller\AppframeController.class.php 第 24 行.

[ 2016-07-12T18:00:35+08:00 ] ::1 /index.php?g=user&m=index&a=is_login
INFO: [ app_begin ] --START--
INFO: Run Behavior\ReadHtmlCacheBehavior [ RunTime:0.001802s ]
INFO: Run Behavior\CheckLangBehavior [ RunTime:0.001356s ]
INFO: [ app_begin ] --END-- [ RunTime:0.004305s ]
NOTIC: [8] Undefined index: url D:\xampp\htdocs\application\Common\Controller\AppframeController.class.php 第 24 行.

[ 2016-07-12T18:01:12+08:00 ] ::1 /index.php?g=user&m=index&a=is_login
INFO: [ app_begin ] --START--
INFO: Run Behavior\ReadHtmlCacheBehavior [ RunTime:0.000774s ]
INFO: Run Behavior\CheckLangBehavior [ RunTime:0.001158s ]
INFO: [ app_begin ] --END-- [ RunTime:0.002526s ]
NOTIC: [8] Undefined index: url D:\xampp\htdocs\application\Common\Controller\AppframeController.class.php 第 24 行.

[ 2016-07-12T18:01:23+08:00 ] ::1 /index.php?g=user&m=index&a=is_login
INFO: [ app_begin ] --START--
INFO: Run Behavior\ReadHtmlCacheBehavior [ RunTime:0.002022s ]
INFO: Run Behavior\CheckLangBehavior [ RunTime:0.001567s ]
INFO: [ app_begin ] --END-- [ RunTime:0.005037s ]
NOTIC: [8] Undefined index: url D:\xampp\htdocs\application\Common\Controller\AppframeController.class.php 第 24 行.

